#
# A fatal error has been detected by the Java Runtime Environment:
#
#  EXCEPTION_ACCESS_VIOLATION (0xc0000005) at pc=0x000000006cb32928, pid=20284, tid=0x000000000000392c
#
# JRE version: Java(TM) SE Runtime Environment (8.0_121-b13) (build 1.8.0_121-b13)
# Java VM: Java HotSpot(TM) 64-Bit Server VM (25.121-b13 mixed mode windows-amd64 compressed oops)
# Problematic frame:
# C  [jdwp.dll+0x22928]
#
# Failed to write core dump. Minidumps are not enabled by default on client versions of Windows
#
# If you would like to submit a bug report, please visit:
#   http://bugreport.java.com/bugreport/crash.jsp
# The crash happened outside the Java Virtual Machine in native code.
# See problematic frame for where to report the bug.
#

---------------  T H R E A D  ---------------

Current thread (0x000000001d581800):  JavaThread "JDWP Command Reader" daemon [_thread_in_native, id=14636, stack(0x000000001e440000,0x000000001e540000)]

siginfo: ExceptionCode=0xc0000005, reading address 0x0000000000000000

Registers:
RAX=0x000000006cb3f5a0, RBX=0x000000000000000c, RCX=0x0000000000000000, RDX=0x0000000000000028
RSP=0x000000001e53f2d0, RBP=0x000000001e53f540, RSI=0x0000000000000004, RDI=0x0000000077e933c0
R8 =0x000000001e53f338, R9 =0x7efefeff00cbff6b, R10=0x81010101010100f8, R11=0x8101010101010100
R12=0x000000006cb391d8, R13=0x000000001d5826b8, R14=0x0000000000000000, R15=0x0000000000000000
RIP=0x000000006cb32928, EFLAGS=0x0000000000010206

Top of Stack: (sp=0x000000001e53f2d0)
0x000000001e53f2d0:   0000000000002714 ffffffffffb3b4c0
0x000000001e53f2e0:   0000000000000324 000000001e53f408
0x000000001e53f2f0:   0000000000000001 0000000077e923c0
0x000000001e53f300:   0000000000000000 0000000000000000
0x000000001e53f310:   000000001d5826b8 0000000000000000
0x000000001e53f320:   0000000077e933c0 0000000077e9108e
0x000000001e53f330:   000000000000000c 0000000001cd3706
0x000000001e53f340:   0000000000000004 000000006f606b01
0x000000001e53f350:   7075727265746e49 636e756620646574
0x000000001e53f360:   6c6163206e6f6974 0000000001cd006c
0x000000001e53f370:   0000000000000000 0000000000000000
0x000000001e53f380:   000000001d5826b8 0000000000000000
0x000000001e53f390:   00000000000002cc 0000000001cc0369
0x000000001e53f3a0:   00000000000002cc 00000000023d5ea0
0x000000001e53f3b0:   0000000000000004 000000001e53f3f4
0x000000001e53f3c0:   000000001e53f458 0000000000000000 

Instructions: (pc=0x000000006cb32928)
0x000000006cb32908:   83 ec 50 48 63 d1 85 c9 75 07 33 c0 e9 84 00 00
0x000000006cb32918:   00 48 8b 05 c8 d3 00 00 4c 8d 44 24 68 48 8b 08
0x000000006cb32928:   48 8b 01 ff 90 68 01 00 00 8b f8 85 c0 74 61 8b
0x000000006cb32938:   c8 e8 72 ca fe ff 48 8b d8 ff 15 e9 48 00 00 c7 


Register to memory mapping:

RAX=0x000000006cb3f5a0 is an unknown value
RBX=0x000000000000000c is an unknown value
RCX=0x0000000000000000 is an unknown value
RDX=0x0000000000000028 is an unknown value
RSP=0x000000001e53f2d0 is pointing into the stack for thread: 0x000000001d581800
RBP=0x000000001e53f540 is pointing into the stack for thread: 0x000000001d581800
RSI=0x0000000000000004 is an unknown value
RDI=0x0000000077e933c0 is an unknown value
R8 =0x000000001e53f338 is pointing into the stack for thread: 0x000000001d581800
R9 =0x7efefeff00cbff6b is an unknown value
R10=0x81010101010100f8 is an unknown value
R11=0x8101010101010100 is an unknown value
R12=0x000000006cb391d8 is an unknown value
R13=0x000000001d5826b8 is an unknown value
R14=0x0000000000000000 is an unknown value
R15=0x0000000000000000 is an unknown value


Stack: [0x000000001e440000,0x000000001e540000],  sp=0x000000001e53f2d0,  free space=1020k
Native frames: (J=compiled Java code, j=interpreted, Vv=VM code, C=native code)
C  [jdwp.dll+0x22928]
C  [dt_socket.dll+0x108e]
C  [dt_socket.dll+0x15f6]
C  [jdwp.dll+0x1fad1]
C  [jdwp.dll+0xed38]
V  [jvm.dll+0x1bd548]
V  [jvm.dll+0x244e1f]
V  [jvm.dll+0x29c69a]
C  [msvcr100.dll+0x21d9f]
C  [msvcr100.dll+0x21e3b]
C  [kernel32.dll+0x159cd]
C  [ntdll.dll+0x2a561]


---------------  P R O C E S S  ---------------

Java Threads: ( => current thread )
  0x000000001fa0c000 JavaThread "ForkJoinPool.commonPool-worker-1" daemon [_thread_blocked, id=16860, stack(0x0000000028a80000,0x0000000028b80000)]
  0x000000001d607800 JavaThread "Service Thread" daemon [_thread_blocked, id=16996, stack(0x000000001eae0000,0x000000001ebe0000)]
  0x000000001d5bc000 JavaThread "C1 CompilerThread2" daemon [_thread_blocked, id=10168, stack(0x000000001e9b0000,0x000000001eab0000)]
  0x000000001d594000 JavaThread "C2 CompilerThread1" daemon [_thread_blocked, id=13248, stack(0x000000001e7c0000,0x000000001e8c0000)]
  0x000000001d58e000 JavaThread "C2 CompilerThread0" daemon [_thread_blocked, id=14584, stack(0x000000001e590000,0x000000001e690000)]
=>0x000000001d581800 JavaThread "JDWP Command Reader" daemon [_thread_in_native, id=14636, stack(0x000000001e440000,0x000000001e540000)]
  0x000000001d57e800 JavaThread "JDWP Event Helper Thread" daemon [_thread_blocked, id=14816, stack(0x000000001e210000,0x000000001e310000)]
  0x000000001c16f800 JavaThread "JDWP Transport Listener: dt_socket" daemon [_thread_blocked, id=18352, stack(0x000000001ddd0000,0x000000001ded0000)]
  0x000000001c16a000 JavaThread "Attach Listener" daemon [_thread_blocked, id=1512, stack(0x000000001d2a0000,0x000000001d3a0000)]
  0x000000001c169000 JavaThread "Signal Dispatcher" daemon [_thread_blocked, id=12376, stack(0x000000001d990000,0x000000001da90000)]
  0x000000001c14b800 JavaThread "Finalizer" daemon [_thread_blocked, id=19556, stack(0x000000001d460000,0x000000001d560000)]
  0x000000001c104000 JavaThread "Reference Handler" daemon [_thread_blocked, id=18420, stack(0x000000001d050000,0x000000001d150000)]
  0x0000000002278800 JavaThread "main" [_thread_blocked, id=704, stack(0x00000000024b0000,0x00000000025b0000)]

Other Threads:
  0x000000001c0fc800 VMThread [stack: 0x000000001d190000,0x000000001d290000] [id=20224]

VM state:at safepoint (normal execution)

VM Mutex/Monitor currently owned by a thread:  ([mutex/lock_event])
[0x0000000001d6e670] Threads_lock - owner thread: 0x000000001c0fc800

Heap:
 PSYoungGen      total 824832K, used 51522K [0x000000076b400000, 0x00000007a2e80000, 0x00000007c0000000)
  eden space 795648K, 6% used [0x000000076b400000,0x000000076e650b38,0x000000079bd00000)
  from space 29184K, 0% used [0x000000079bd00000,0x000000079bd00000,0x000000079d980000)
  to   space 29696K, 0% used [0x00000007a1180000,0x00000007a1180000,0x00000007a2e80000)
 ParOldGen       total 195584K, used 44975K [0x00000006c1c00000, 0x00000006cdb00000, 0x000000076b400000)
  object space 195584K, 22% used [0x00000006c1c00000,0x00000006c47ebf60,0x00000006cdb00000)
 Metaspace       used 43055K, capacity 44444K, committed 44760K, reserved 1089536K
  class space    used 4980K, capacity 5274K, committed 5376K, reserved 1048576K

Card table byte_map: [0x0000000011c40000,0x0000000012440000] byte_map_base: 0x000000000e632000

Marking Bits: (ParMarkBitMap*) 0x000000006fc0b6d0
 Begin Bits: [0x0000000013050000, 0x0000000016fe0000)
 End Bits:   [0x0000000016fe0000, 0x000000001af70000)

Polling page: 0x0000000000250000

CodeCache: size=245760Kb used=32267Kb max_used=32369Kb free=213492Kb
 bounds [0x0000000002880000, 0x0000000004840000, 0x0000000011880000]
 total_blobs=8631 nmethods=8149 adapters=402
 compilation: enabled

Compilation events (10 events):
Event: 114.787 Thread 0x000000001d58e000 9562  s!   4       java.beans.PropertyDescriptor::getReadMethod (175 bytes)
Event: 114.789 Thread 0x000000001d58e000 nmethod 9562 0x00000000047f9d90 code [0x00000000047f9ee0, 0x00000000047fa208]
Event: 114.790 Thread 0x000000001d5bc000 9725       3       java.util.concurrent.ConcurrentHashMap$ValueIterator::next (34 bytes)
Event: 114.790 Thread 0x000000001d5bc000 nmethod 9725 0x00000000047f9750 code [0x00000000047f98e0, 0x00000000047f9c38]
Event: 114.791 Thread 0x000000001d5bc000 9726       3       org.eclipse.sisu.inject.MildValues$ValueItr::next (27 bytes)
Event: 114.791 Thread 0x000000001d5bc000 nmethod 9726 0x00000000047f90d0 code [0x00000000047f9260, 0x00000000047f9598]
Event: 114.830 Thread 0x000000001d5bc000 9727       1       java.util.logging.LogManager::access$500 (5 bytes)
Event: 114.830 Thread 0x000000001d5bc000 nmethod 9727 0x00000000047fe250 code [0x00000000047fe3a0, 0x00000000047fe490]
Event: 114.831 Thread 0x000000001d5bc000 9728   !   3       java.util.logging.LogManager::ensureLogManagerInitialized (128 bytes)
Event: 114.831 Thread 0x000000001d5bc000 nmethod 9728 0x00000000047fba10 code [0x00000000047fbbc0, 0x00000000047fc268]

GC Heap History (10 events):
Event: 110.895 GC heap before
{Heap before GC invocations=8 (full 1):
 PSYoungGen      total 539648K, used 382434K [0x000000076b400000, 0x000000078d400000, 0x00000007c0000000)
  eden space 523776K, 73% used [0x000000076b400000,0x0000000782978a20,0x000000078b380000)
  from space 15872K, 0% used [0x000000078c380000,0x000000078c380000,0x000000078d300000)
  to   space 16384K, 0% used [0x000000078b380000,0x000000078b380000,0x000000078c380000)
 ParOldGen       total 116736K, used 19241K [0x00000006c1c00000, 0x00000006c8e00000, 0x000000076b400000)
  object space 116736K, 16% used [0x00000006c1c00000,0x00000006c2eca690,0x00000006c8e00000)
 Metaspace       used 34510K, capacity 35252K, committed 35416K, reserved 1081344K
  class space    used 3937K, capacity 4149K, committed 4224K, reserved 1048576K
Event: 110.935 GC heap after
Heap after GC invocations=8 (full 1):
 PSYoungGen      total 540160K, used 16352K [0x000000076b400000, 0x000000079f780000, 0x00000007c0000000)
  eden space 523776K, 0% used [0x000000076b400000,0x000000076b400000,0x000000078b380000)
  from space 16384K, 99% used [0x000000078b380000,0x000000078c3781a8,0x000000078c380000)
  to   space 30720K, 0% used [0x000000079d980000,0x000000079d980000,0x000000079f780000)
 ParOldGen       total 116736K, used 44480K [0x00000006c1c00000, 0x00000006c8e00000, 0x000000076b400000)
  object space 116736K, 38% used [0x00000006c1c00000,0x00000006c47701b8,0x00000006c8e00000)
 Metaspace       used 34510K, capacity 35252K, committed 35416K, reserved 1081344K
  class space    used 3937K, capacity 4149K, committed 4224K, reserved 1048576K
}
Event: 110.935 GC heap before
{Heap before GC invocations=9 (full 2):
 PSYoungGen      total 540160K, used 16352K [0x000000076b400000, 0x000000079f780000, 0x00000007c0000000)
  eden space 523776K, 0% used [0x000000076b400000,0x000000076b400000,0x000000078b380000)
  from space 16384K, 99% used [0x000000078b380000,0x000000078c3781a8,0x000000078c380000)
  to   space 30720K, 0% used [0x000000079d980000,0x000000079d980000,0x000000079f780000)
 ParOldGen       total 116736K, used 44480K [0x00000006c1c00000, 0x00000006c8e00000, 0x000000076b400000)
  object space 116736K, 38% used [0x00000006c1c00000,0x00000006c47701b8,0x00000006c8e00000)
 Metaspace       used 34510K, capacity 35252K, committed 35416K, reserved 1081344K
  class space    used 3937K, capacity 4149K, committed 4224K, reserved 1048576K
Event: 111.142 GC heap after
Heap after GC invocations=9 (full 2):
 PSYoungGen      total 540160K, used 0K [0x000000076b400000, 0x000000079f780000, 0x00000007c0000000)
  eden space 523776K, 0% used [0x000000076b400000,0x000000076b400000,0x000000078b380000)
  from space 16384K, 0% used [0x000000078b380000,0x000000078b380000,0x000000078c380000)
  to   space 30720K, 0% used [0x000000079d980000,0x000000079d980000,0x000000079f780000)
 ParOldGen       total 195584K, used 52760K [0x00000006c1c00000, 0x00000006cdb00000, 0x000000076b400000)
  object space 195584K, 26% used [0x00000006c1c00000,0x00000006c4f86268,0x00000006cdb00000)
 Metaspace       used 34498K, capacity 35238K, committed 35416K, reserved 1081344K
  class space    used 3936K, capacity 4147K, committed 4224K, reserved 1048576K
}
Event: 113.405 GC heap before
{Heap before GC invocations=10 (full 2):
 PSYoungGen      total 540160K, used 523776K [0x000000076b400000, 0x000000079f780000, 0x00000007c0000000)
  eden space 523776K, 100% used [0x000000076b400000,0x000000078b380000,0x000000078b380000)
  from space 16384K, 0% used [0x000000078b380000,0x000000078b380000,0x000000078c380000)
  to   space 30720K, 0% used [0x000000079d980000,0x000000079d980000,0x000000079f780000)
 ParOldGen       total 195584K, used 52760K [0x00000006c1c00000, 0x00000006cdb00000, 0x000000076b400000)
  object space 195584K, 26% used [0x00000006c1c00000,0x00000006c4f86268,0x00000006cdb00000)
 Metaspace       used 42463K, capacity 43780K, committed 43864K, reserved 1087488K
  class space    used 4950K, capacity 5240K, committed 5248K, reserved 1048576K
Event: 113.427 GC heap after
Heap after GC invocations=10 (full 2):
 PSYoungGen      total 826368K, used 14994K [0x000000076b400000, 0x00000007a2d80000, 0x00000007c0000000)
  eden space 795648K, 0% used [0x000000076b400000,0x000000076b400000,0x000000079bd00000)
  from space 30720K, 48% used [0x000000079d980000,0x000000079e8248a0,0x000000079f780000)
  to   space 29184K, 0% used [0x000000079bd00000,0x000000079bd00000,0x000000079d980000)
 ParOldGen       total 195584K, used 52768K [0x00000006c1c00000, 0x00000006cdb00000, 0x000000076b400000)
  object space 195584K, 26% used [0x00000006c1c00000,0x00000006c4f88268,0x00000006cdb00000)
 Metaspace       used 42463K, capacity 43780K, committed 43864K, reserved 1087488K
  class space    used 4950K, capacity 5240K, committed 5248K, reserved 1048576K
}
Event: 114.430 GC heap before
{Heap before GC invocations=11 (full 2):
 PSYoungGen      total 826368K, used 736335K [0x000000076b400000, 0x00000007a2d80000, 0x00000007c0000000)
  eden space 795648K, 90% used [0x000000076b400000,0x000000079746f3a0,0x000000079bd00000)
  from space 30720K, 48% used [0x000000079d980000,0x000000079e8248a0,0x000000079f780000)
  to   space 29184K, 0% used [0x000000079bd00000,0x000000079bd00000,0x000000079d980000)
 ParOldGen       total 195584K, used 52768K [0x00000006c1c00000, 0x00000006cdb00000, 0x000000076b400000)
  object space 195584K, 26% used [0x00000006c1c00000,0x00000006c4f88268,0x00000006cdb00000)
 Metaspace       used 43138K, capacity 44660K, committed 44760K, reserved 1089536K
  class space    used 5001K, capacity 5312K, committed 5376K, reserved 1048576K
Event: 114.440 GC heap after
Heap after GC invocations=11 (full 2):
 PSYoungGen      total 824832K, used 4393K [0x000000076b400000, 0x00000007a2e80000, 0x00000007c0000000)
  eden space 795648K, 0% used [0x000000076b400000,0x000000076b400000,0x000000079bd00000)
  from space 29184K, 15% used [0x000000079bd00000,0x000000079c14a658,0x000000079d980000)
  to   space 29696K, 0% used [0x00000007a1180000,0x00000007a1180000,0x00000007a2e80000)
 ParOldGen       total 195584K, used 52776K [0x00000006c1c00000, 0x00000006cdb00000, 0x000000076b400000)
  object space 195584K, 26% used [0x00000006c1c00000,0x00000006c4f8a268,0x00000006cdb00000)
 Metaspace       used 43138K, capacity 44660K, committed 44760K, reserved 1089536K
  class space    used 5001K, capacity 5312K, committed 5376K, reserved 1048576K
}
Event: 114.440 GC heap before
{Heap before GC invocations=12 (full 3):
 PSYoungGen      total 824832K, used 4393K [0x000000076b400000, 0x00000007a2e80000, 0x00000007c0000000)
  eden space 795648K, 0% used [0x000000076b400000,0x000000076b400000,0x000000079bd00000)
  from space 29184K, 15% used [0x000000079bd00000,0x000000079c14a658,0x000000079d980000)
  to   space 29696K, 0% used [0x00000007a1180000,0x00000007a1180000,0x00000007a2e80000)
 ParOldGen       total 195584K, used 52776K [0x00000006c1c00000, 0x00000006cdb00000, 0x000000076b400000)
  object space 195584K, 26% used [0x00000006c1c00000,0x00000006c4f8a268,0x00000006cdb00000)
 Metaspace       used 43138K, capacity 44660K, committed 44760K, reserved 1089536K
  class space    used 5001K, capacity 5312K, committed 5376K, reserved 1048576K
Event: 114.756 GC heap after
Heap after GC invocations=12 (full 3):
 PSYoungGen      total 824832K, used 0K [0x000000076b400000, 0x00000007a2e80000, 0x00000007c0000000)
  eden space 795648K, 0% used [0x000000076b400000,0x000000076b400000,0x000000079bd00000)
  from space 29184K, 0% used [0x000000079bd00000,0x000000079bd00000,0x000000079d980000)
  to   space 29696K, 0% used [0x00000007a1180000,0x00000007a1180000,0x00000007a2e80000)
 ParOldGen       total 195584K, used 44975K [0x00000006c1c00000, 0x00000006cdb00000, 0x000000076b400000)
  object space 195584K, 22% used [0x00000006c1c00000,0x00000006c47ebf60,0x00000006cdb00000)
 Metaspace       used 43050K, capacity 44444K, committed 44760K, reserved 1089536K
  class space    used 4979K, capacity 5274K, committed 5376K, reserved 1048576K
}

Deoptimization events (10 events):
Event: 114.427 Thread 0x0000000002278800 Uncommon trap: reason=unhandled action=none pc=0x0000000002f37f3c method=org.codehaus.plexus.classworlds.strategy.SelfFirstStrategy.loadClass(Ljava/lang/String;)Ljava/lang/Class; @ 47
Event: 114.429 Thread 0x0000000002278800 Uncommon trap: reason=class_check action=maybe_recompile pc=0x00000000036ab168 method=org.eclipse.sisu.plexus.ClassRealmManager.contextRealm()Lorg/codehaus/plexus/classworlds/realm/ClassRealm; @ 11
Event: 114.430 Thread 0x0000000002278800 Uncommon trap: reason=class_check action=maybe_recompile pc=0x000000000438f4ac method=java.lang.AbstractStringBuilder.append(Ljava/lang/CharSequence;)Ljava/lang/AbstractStringBuilder; @ 37
Event: 114.430 Thread 0x0000000002278800 Uncommon trap: reason=class_check action=maybe_recompile pc=0x000000000438f4ac method=java.lang.AbstractStringBuilder.append(Ljava/lang/CharSequence;)Ljava/lang/AbstractStringBuilder; @ 37
Event: 114.430 Thread 0x0000000002278800 Uncommon trap: reason=class_check action=maybe_recompile pc=0x000000000438f4ac method=java.lang.AbstractStringBuilder.append(Ljava/lang/CharSequence;)Ljava/lang/AbstractStringBuilder; @ 37
Event: 114.430 Thread 0x0000000002278800 Uncommon trap: reason=class_check action=maybe_recompile pc=0x000000000438f4ac method=java.lang.AbstractStringBuilder.append(Ljava/lang/CharSequence;)Ljava/lang/AbstractStringBuilder; @ 37
Event: 114.757 Thread 0x000000001c104000 Uncommon trap: reason=unstable_if action=reinterpret pc=0x00000000029921f4 method=java.lang.ref.Reference.tryHandlePending(Z)Z @ 20
Event: 114.760 Thread 0x0000000002278800 Uncommon trap: reason=unhandled action=none pc=0x00000000039e54e0 method=java.net.URLClassLoader.findClass(Ljava/lang/String;)Ljava/lang/Class; @ 44
Event: 114.763 Thread 0x0000000002278800 Uncommon trap: reason=unhandled action=none pc=0x00000000039e54e0 method=java.net.URLClassLoader.findClass(Ljava/lang/String;)Ljava/lang/Class; @ 44
Event: 114.763 Thread 0x0000000002278800 Uncommon trap: reason=unhandled action=none pc=0x0000000002ae90b4 method=org.codehaus.plexus.classworlds.realm.ClassRealm.findClass(Ljava/lang/String;)Ljava/lang/Class; @ 8

Internal exceptions (10 events):
Event: 114.219 Thread 0x000000001fa10800 Exception <a 'sun/nio/fs/WindowsException'> (0x000000079287d120) thrown at [C:\re\workspace\8-2-build-windows-amd64-cygwin\jdk8u121\8372\hotspot\src\share\vm\prims\jni.cpp, line 709]
Event: 114.219 Thread 0x000000001fa10800 Exception <a 'sun/nio/fs/WindowsException'> (0x000000079287dab8) thrown at [C:\re\workspace\8-2-build-windows-amd64-cygwin\jdk8u121\8372\hotspot\src\share\vm\prims\jni.cpp, line 709]
Event: 114.219 Thread 0x000000001fa10800 Exception <a 'sun/nio/fs/WindowsException'> (0x000000079287ebc8) thrown at [C:\re\workspace\8-2-build-windows-amd64-cygwin\jdk8u121\8372\hotspot\src\share\vm\prims\jni.cpp, line 709]
Event: 114.219 Thread 0x000000001fa10800 Exception <a 'sun/nio/fs/WindowsException'> (0x000000079287f558) thrown at [C:\re\workspace\8-2-build-windows-amd64-cygwin\jdk8u121\8372\hotspot\src\share\vm\prims\jni.cpp, line 709]
Event: 114.219 Thread 0x000000001fa10800 Exception <a 'sun/nio/fs/WindowsException'> (0x0000000792880618) thrown at [C:\re\workspace\8-2-build-windows-amd64-cygwin\jdk8u121\8372\hotspot\src\share\vm\prims\jni.cpp, line 709]
Event: 114.219 Thread 0x000000001fa10800 Exception <a 'sun/nio/fs/WindowsException'> (0x0000000792880f60) thrown at [C:\re\workspace\8-2-build-windows-amd64-cygwin\jdk8u121\8372\hotspot\src\share\vm\prims\jni.cpp, line 709]
Event: 114.220 Thread 0x000000001fa10800 Exception <a 'sun/nio/fs/WindowsException'> (0x0000000792882098) thrown at [C:\re\workspace\8-2-build-windows-amd64-cygwin\jdk8u121\8372\hotspot\src\share\vm\prims\jni.cpp, line 709]
Event: 114.220 Thread 0x000000001fa10800 Exception <a 'sun/nio/fs/WindowsException'> (0x0000000792882a38) thrown at [C:\re\workspace\8-2-build-windows-amd64-cygwin\jdk8u121\8372\hotspot\src\share\vm\prims\jni.cpp, line 709]
Event: 114.220 Thread 0x000000001fa10800 Exception <a 'sun/nio/fs/WindowsException'> (0x0000000792883b48) thrown at [C:\re\workspace\8-2-build-windows-amd64-cygwin\jdk8u121\8372\hotspot\src\share\vm\prims\jni.cpp, line 709]
Event: 114.220 Thread 0x000000001fa10800 Exception <a 'sun/nio/fs/WindowsException'> (0x00000007928844e0) thrown at [C:\re\workspace\8-2-build-windows-amd64-cygwin\jdk8u121\8372\hotspot\src\share\vm\prims\jni.cpp, line 709]

Events (10 events):
Event: 114.794 Thread 0x000000001fa15800 DEOPT UNPACKING pc=0x00000000028c787f sp=0x000000002d9cecf0 mode 1
Event: 114.794 Thread 0x000000001fa15800 Thread exited: 0x000000001fa15800
Event: 114.795 Thread 0x000000001fa12800 DEOPT PACKING pc=0x0000000002e8a62c sp=0x000000002d83f460
Event: 114.795 Thread 0x000000001fa12800 DEOPT UNPACKING pc=0x00000000028c787f sp=0x000000002d83f200 mode 1
Event: 114.795 Thread 0x000000001fa12800 Thread exited: 0x000000001fa12800
Event: 114.795 Thread 0x000000002c4d5000 DEOPT PACKING pc=0x0000000002e8a62c sp=0x000000002e37f090
Event: 114.795 Thread 0x000000002c4d5000 DEOPT UNPACKING pc=0x00000000028c787f sp=0x000000002e37ee30 mode 1
Event: 114.795 Thread 0x000000002c4d5000 Thread exited: 0x000000002c4d5000
Event: 114.830 Thread 0x000000001fa0a800 Thread exited: 0x000000001fa0a800
Event: 114.832 Executing VM operation: Exit


Dynamic libraries:
0x000000013f0d0000 - 0x000000013f107000 	C:\Program Files\Java\jdk1.8.0_121\bin\javaw.exe
0x0000000076e10000 - 0x0000000076fba000 	C:\windows\SYSTEM32\ntdll.dll
0x0000000076bf0000 - 0x0000000076d0f000 	C:\windows\system32\kernel32.dll
0x000007fefcdd0000 - 0x000007fefce3a000 	C:\windows\system32\KERNELBASE.dll
0x000007fefdab0000 - 0x000007fefdb8b000 	C:\windows\system32\ADVAPI32.dll
0x000007fefcec0000 - 0x000007fefcf5f000 	C:\windows\system32\msvcrt.dll
0x000007fefdb90000 - 0x000007fefdbaf000 	C:\windows\SYSTEM32\sechost.dll
0x000007fefdcc0000 - 0x000007fefdded000 	C:\windows\system32\RPCRT4.dll
0x0000000076d10000 - 0x0000000076e0a000 	C:\windows\system32\USER32.dll
0x000007feff0b0000 - 0x000007feff117000 	C:\windows\system32\GDI32.dll
0x000007fefdaa0000 - 0x000007fefdaae000 	C:\windows\system32\LPK.dll
0x000007fefcf60000 - 0x000007fefd02b000 	C:\windows\system32\USP10.dll
0x000007fefafd0000 - 0x000007fefb1c4000 	C:\windows\WinSxS\amd64_microsoft.windows.common-controls_6595b64144ccf1df_6.0.7601.18837_none_fa3b1e3d17594757\COMCTL32.dll
0x000007fefd030000 - 0x000007fefd0a1000 	C:\windows\system32\SHLWAPI.dll
0x000007fefd150000 - 0x000007fefd17e000 	C:\windows\system32\IMM32.DLL
0x000007fefdbb0000 - 0x000007fefdcb9000 	C:\windows\system32\MSCTF.dll
0x000007fedd220000 - 0x000007fedd2ce000 	C:\Program Files\McAfee\Endpoint Security\Threat Prevention\Ips\EpMPApi.dll
0x000007fefcbe0000 - 0x000007fefcc1b000 	C:\windows\system32\WINTRUST.dll
0x000007fefcc30000 - 0x000007fefcd9d000 	C:\windows\system32\CRYPT32.dll
0x000007fefcb00000 - 0x000007fefcb0f000 	C:\windows\system32\MSASN1.dll
0x0000000072530000 - 0x000000007253b000 	C:\Program Files\McAfee\Endpoint Security\Threat Prevention\Ips\EpMPThe.dll
0x00000000794c0000 - 0x0000000079592000 	C:\Program Files\Java\jdk1.8.0_121\jre\bin\msvcr100.dll
0x000000006f3f0000 - 0x000000006fc8b000 	C:\Program Files\Java\jdk1.8.0_121\jre\bin\server\jvm.dll
0x000007fef13c0000 - 0x000007fef13c9000 	C:\windows\system32\WSOCK32.dll
0x0000000001cb0000 - 0x0000000001cfd000 	C:\windows\system32\WS2_32.dll
0x000007fefd220000 - 0x000007fefd228000 	C:\windows\system32\NSI.dll
0x000007fefa040000 - 0x000007fefa07b000 	C:\windows\system32\WINMM.dll
0x000007fefbb40000 - 0x000007fefbb4c000 	C:\windows\system32\VERSION.dll
0x0000000076fd0000 - 0x0000000076fd7000 	C:\windows\system32\PSAPI.DLL
0x0000000053630000 - 0x000000005363f000 	C:\Program Files\Java\jdk1.8.0_121\jre\bin\verify.dll
0x000000006d770000 - 0x000000006d799000 	C:\Program Files\Java\jdk1.8.0_121\jre\bin\java.dll
0x000000006cb10000 - 0x000000006cb45000 	C:\Program Files\Java\jdk1.8.0_121\jre\bin\jdwp.dll
0x0000000053120000 - 0x0000000053128000 	C:\Program Files\Java\jdk1.8.0_121\jre\bin\npt.dll
0x0000000077cd0000 - 0x0000000077ce6000 	C:\Program Files\Java\jdk1.8.0_121\jre\bin\zip.dll
0x000007fefe050000 - 0x000007fefedda000 	C:\windows\system32\SHELL32.dll
0x000007fefddf0000 - 0x000007fefdfec000 	C:\windows\system32\ole32.dll
0x000007fefcb10000 - 0x000007fefcb1f000 	C:\windows\system32\profapi.dll
0x0000000077e90000 - 0x0000000077e99000 	C:\Program Files\Java\jdk1.8.0_121\jre\bin\dt_socket.dll
0x000007fefa380000 - 0x000007fefa395000 	C:\windows\system32\NLAapi.dll
0x000007feed950000 - 0x000007feed965000 	C:\windows\system32\napinsp.dll
0x000007feed930000 - 0x000007feed949000 	C:\windows\system32\pnrpnsp.dll
0x000007fefc2d0000 - 0x000007fefc325000 	C:\windows\System32\mswsock.dll
0x000007fefc150000 - 0x000007fefc1ab000 	C:\windows\system32\DNSAPI.dll
0x000007feed920000 - 0x000007feed92b000 	C:\windows\System32\winrnr.dll
0x000007feed910000 - 0x000007feed920000 	C:\windows\system32\wshbth.dll
0x000007fef9e20000 - 0x000007fef9e47000 	C:\windows\system32\IPHLPAPI.DLL
0x000007fef9e10000 - 0x000007fef9e1b000 	C:\windows\system32\WINNSI.DLL
0x000007fef9c50000 - 0x000007fef9ca3000 	C:\windows\System32\fwpuclnt.dll
0x000007feed900000 - 0x000007feed908000 	C:\windows\system32\rasadhlp.dll
0x000007fefbc30000 - 0x000007fefbc37000 	C:\windows\System32\wshtcpip.dll
0x0000000002340000 - 0x000000000235a000 	C:\Program Files\Java\jdk1.8.0_121\jre\bin\net.dll
0x000007fefc2c0000 - 0x000007fefc2c7000 	C:\windows\System32\wship6.dll
0x000000006fd50000 - 0x000000006fd61000 	C:\Program Files\Java\jdk1.8.0_121\jre\bin\nio.dll
0x0000000001d80000 - 0x0000000001d8d000 	C:\Program Files\Java\jdk1.8.0_121\jre\bin\management.dll
0x000007fefc330000 - 0x000007fefc348000 	C:\windows\system32\CRYPTSP.dll
0x000007fefc030000 - 0x000007fefc077000 	C:\windows\system32\rsaenh.dll
0x000007fefcda0000 - 0x000007fefcdbe000 	C:\windows\system32\USERENV.dll
0x000007fefc9a0000 - 0x000007fefc9af000 	C:\windows\system32\CRYPTBASE.dll
0x000007fef9c20000 - 0x000007fef9c38000 	C:\windows\system32\dhcpcsvc.DLL
0x000007fef9c00000 - 0x000007fef9c11000 	C:\windows\system32\dhcpcsvc6.DLL
0x000007fefc940000 - 0x000007fefc997000 	C:\windows\system32\apphelp.dll
0x000007feed6b0000 - 0x000007feed7d5000 	C:\windows\system32\dbghelp.dll

VM Arguments:
jvm_args: -agentlib:jdwp=transport=dt_socket,suspend=y,address=localhost:55252 -Dmaven.home=EMBEDDED -Dclassworlds.conf=C:\Users\hcamargo\workspace\.metadata\.plugins\org.eclipse.m2e.launching\launches\m2conf5370505505745913757.tmp -Dmaven.multiModuleProjectDirectory=C:\Users\hcamargo\workspace\choucair_prueba_aut -Dfile.encoding=Cp1252 
java_command: org.codehaus.plexus.classworlds.launcher.Launcher -B clean test serenity:aggregate
java_class_path (initial): C:\eclipse\plugins\org.eclipse.m2e.maven.runtime_1.8.3.20180227-2135\jars\plexus-classworlds-2.5.2.jar
Launcher Type: SUN_STANDARD

Environment Variables:
JAVA_HOME=C:\Program Files\Java\jdk1.8.0_121
PATH=C:\Program Files\Java\jdk1.8.0_121\jre\bin;C:/Program Files/Java/jre1.8.0_161/bin/server;C:/Program Files/Java/jre1.8.0_161/bin;C:/Program Files/Java/jre1.8.0_161/lib/amd64;C:\ProgramData\Oracle\Java\javapath;C:\oraclexe\app\oracle\product\11.2.0\server\bin;;C:\Program Files (x86)\Intel\iCLS Client\;C:\Program Files\Intel\iCLS Client\;C:\windows\system32;C:\windows;C:\windows\System32\Wbem;C:\windows\System32\WindowsPowerShell\v1.0\;C:\Program Files (x86)\Intel\Intel(R) Management Engine Components\DAL;C:\Program Files\Intel\Intel(R) Management Engine Components\DAL;C:\Program Files (x86)\Intel\Intel(R) Management Engine Components\IPT;C:\Program Files\Intel\Intel(R) Management Engine Components\IPT;C:\Program Files (x86)\ATI Technologies\ATI.ACE\Core-Static;C:\Program Files\Intel\WiFi\bin\;C:\Program Files\Common Files\Intel\WirelessCommon\;C:\Program Files (x86)\Common Files\Lenovo;C:\ProgramData\Lenovo\ReadyApps;c:\Program Files (x86)\Microsoft SQL Server\100\Tools\Binn\;c:\Program Files (x86)\Microsoft SQL Server\100\DTS\Binn\;c:\Program Files (x86)\Microsoft SQL Server\100\Tools\Binn\VSShell\Common7\IDE\;C:\Program Files\Microsoft SQL Server\130\Tools\Binn\;C:\Program Files\dotnet\;C:\Program Files (x86)\Silk\SilkTest;C:\Program Files (x86)\Silk\SilkTest\ng\gui;C:\apache-maven-3.5.2\bin;C:\Program Files\Java\jdk1.8.0_121\bin;C:\Users\hcamargo\Desktop\Chrome 56\32 Bits\chrome32_56.0.2924.87\chrome.exe;C:\Users\hcamargo\AppData\Local\GitHubDesktop\bin;C:\eclipse;
USERNAME=hcamargo
OS=Windows_NT
PROCESSOR_IDENTIFIER=Intel64 Family 6 Model 78 Stepping 3, GenuineIntel



---------------  S Y S T E M  ---------------

OS: Windows 7 , 64 bit Build 7601 (6.1.7601.23915)

CPU:total 4 (2 cores per cpu, 2 threads per core) family 6 model 78 stepping 3, cmov, cx8, fxsr, mmx, sse, sse2, sse3, ssse3, sse4.1, sse4.2, popcnt, avx, avx2, aes, clmul, erms, 3dnowpref, lzcnt, ht, tsc, tscinvbit, bmi1, bmi2, adx

Memory: 4k page, physical 16657452k(6307540k free), swap 33313044k(22159004k free)

vm_info: Java HotSpot(TM) 64-Bit Server VM (25.121-b13) for windows-amd64 JRE (1.8.0_121-b13), built on Dec 12 2016 18:21:36 by "java_re" with MS VC++ 10.0 (VS2010)

time: Wed May 30 19:34:05 2018
elapsed time: 114 seconds (0d 0h 1m 54s)

